<?xml version="1.0" encoding="UTF-8"?>
<!-- Generated by org.testng.reporters.JUnitXMLReporter -->
<testsuite ignored="0" hostname="Chaitali" failures="0" tests="5" name="Default test" time="0.135" errors="0" timestamp="2022-09-21T14:53:38 IST">
  <testcase classname="parallel_execution.ParallelM" name="TC1" time="0.009"/>
  <testcase classname="parallel_execution.ParallelM" name="TC2" time="0.003"/>
  <testcase classname="parallel_execution.ParallelM" name="TC2" time="0.004"/>
  <testcase classname="parallel_execution.ParallelM" name="TC2" time="0.008"/>
  <testcase classname="parallel_execution.ParallelM" name="TC3" time="0.002"/>
</testsuite> <!-- Default test -->
