<?xml version="1.0" encoding="UTF-8"?>
<!-- Generated by org.testng.reporters.JUnitXMLReporter -->
<testsuite ignored="0" hostname="Chaitali" failures="0" tests="4" name="Test" time="0.134" errors="0" timestamp="2022-09-21T14:53:08 IST">
  <testcase classname="parallel_execution.ParallelM" name="TC1" time="0.019"/>
  <testcase classname="parallel_execution.ParallelM" name="TC2" time="0.013"/>
  <testcase classname="parallel_execution.ParallelM" name="TC3" time="0.002"/>
  <testcase classname="parallel_execution.ParallelM" name="TC2" time="0.021"/>
</testsuite> <!-- Test -->
