<?xml version="1.0" encoding="UTF-8"?>
<testng-results ignored="0" total="5" passed="5" failed="0" skipped="0">
  <reporter-output>
  </reporter-output>
  <suite started-at="2022-09-21T14:53:37 IST" name="Default suite" finished-at="2022-09-21T14:53:38 IST" duration-ms="135">
    <groups>
    </groups>
    <test started-at="2022-09-21T14:53:37 IST" name="Default test" finished-at="2022-09-21T14:53:38 IST" duration-ms="135">
      <class name="parallel_execution.ParallelM">
        <test-method signature="TC1()[pri:0, instance:parallel_execution.ParallelM@429bffaa]" started-at="2022-09-21T14:53:37 IST" name="TC1" finished-at="2022-09-21T14:53:37 IST" duration-ms="9" status="PASS">
          <reporter-output>
          </reporter-output>
        </test-method> <!-- TC1 -->
        <test-method signature="TC2()[pri:0, instance:parallel_execution.ParallelM@429bffaa]" started-at="2022-09-21T14:53:38 IST" name="TC2" finished-at="2022-09-21T14:53:38 IST" duration-ms="3" status="PASS">
          <reporter-output>
          </reporter-output>
        </test-method> <!-- TC2 -->
        <test-method signature="TC2()[pri:0, instance:parallel_execution.ParallelM@429bffaa]" started-at="2022-09-21T14:53:38 IST" name="TC2" finished-at="2022-09-21T14:53:38 IST" duration-ms="8" status="PASS">
          <reporter-output>
          </reporter-output>
        </test-method> <!-- TC2 -->
        <test-method signature="TC2()[pri:0, instance:parallel_execution.ParallelM@429bffaa]" started-at="2022-09-21T14:53:38 IST" name="TC2" finished-at="2022-09-21T14:53:38 IST" duration-ms="4" status="PASS">
          <reporter-output>
          </reporter-output>
        </test-method> <!-- TC2 -->
        <test-method signature="TC3()[pri:0, instance:parallel_execution.ParallelM@429bffaa]" started-at="2022-09-21T14:53:38 IST" name="TC3" finished-at="2022-09-21T14:53:38 IST" duration-ms="2" status="PASS">
          <reporter-output>
          </reporter-output>
        </test-method> <!-- TC3 -->
      </class> <!-- parallel_execution.ParallelM -->
    </test> <!-- Default test -->
  </suite> <!-- Default suite -->
</testng-results>
